1    [XML-RPC-0] ERROR org.apache.xmlrpc.server.XmlRpcErrorLogger - Failed to invoke method execute in class com.nantic.jasperreports.JasperServer: net/sf/jasperreports/compilers/GroovyEvaluator
org.apache.xmlrpc.common.XmlRpcInvocationException: Failed to invoke method execute in class com.nantic.jasperreports.JasperServer: net/sf/jasperreports/compilers/GroovyEvaluator
	at org.apache.xmlrpc.server.ReflectiveXmlRpcHandler.invoke(ReflectiveXmlRpcHandler.java:129)
	at org.apache.xmlrpc.server.ReflectiveXmlRpcHandler.execute(ReflectiveXmlRpcHandler.java:106)
	at org.apache.xmlrpc.server.XmlRpcServerWorker.execute(XmlRpcServerWorker.java:46)
	at org.apache.xmlrpc.server.XmlRpcServer.execute(XmlRpcServer.java:86)
	at org.apache.xmlrpc.server.XmlRpcStreamServer.execute(XmlRpcStreamServer.java:200)
	at org.apache.xmlrpc.webserver.Connection.run(Connection.java:208)
	at org.apache.xmlrpc.util.ThreadPool$Poolable$1.run(ThreadPool.java:68)
Caused by: java.lang.NoClassDefFoundError: net/sf/jasperreports/compilers/GroovyEvaluator
	at java.lang.ClassLoader.defineClass1(Native Method)
	at java.lang.ClassLoader.defineClass(ClassLoader.java:800)
	at net.sf.jasperreports.engine.util.JRClassLoader.loadClass(JRClassLoader.java:338)
	at net.sf.jasperreports.engine.util.JRClassLoader.loadClassFromBytes(JRClassLoader.java:261)
	at net.sf.jasperreports.engine.design.JRAbstractJavaCompiler.loadEvaluator(JRAbstractJavaCompiler.java:88)
	at net.sf.jasperreports.engine.design.JRAbstractCompiler.loadEvaluator(JRAbstractCompiler.java:320)
	at net.sf.jasperreports.engine.JasperCompileManager.loadEvaluator(JasperCompileManager.java:237)
	at net.sf.jasperreports.engine.fill.JRFillDataset.createCalculator(JRFillDataset.java:427)
	at net.sf.jasperreports.engine.fill.JRBaseFiller.<init>(JRBaseFiller.java:363)
	at net.sf.jasperreports.engine.fill.JRVerticalFiller.<init>(JRVerticalFiller.java:77)
	at net.sf.jasperreports.engine.fill.JRVerticalFiller.<init>(JRVerticalFiller.java:87)
	at net.sf.jasperreports.engine.fill.JRVerticalFiller.<init>(JRVerticalFiller.java:57)
	at net.sf.jasperreports.engine.fill.JRFiller.createFiller(JRFiller.java:142)
	at net.sf.jasperreports.engine.fill.JRFiller.fillReport(JRFiller.java:78)
	at net.sf.jasperreports.engine.JasperFillManager.fillReport(JasperFillManager.java:624)
	at com.nantic.jasperreports.JasperServer.privateExecute(JasperServer.java:237)
	at com.nantic.jasperreports.JasperServer.execute(JasperServer.java:127)
	at sun.reflect.NativeMethodAccessorImpl.invoke0(Native Method)
	at sun.reflect.NativeMethodAccessorImpl.invoke(NativeMethodAccessorImpl.java:57)
	at sun.reflect.DelegatingMethodAccessorImpl.invoke(DelegatingMethodAccessorImpl.java:43)
	at java.lang.reflect.Method.invoke(Method.java:606)
	at org.apache.xmlrpc.server.ReflectiveXmlRpcHandler.invoke(ReflectiveXmlRpcHandler.java:115)
	... 6 more
Caused by: java.lang.ClassNotFoundException: net.sf.jasperreports.compilers.GroovyEvaluator
	at java.lang.ClassLoader.findClass(ClassLoader.java:531)
	at java.lang.ClassLoader.loadClass(ClassLoader.java:425)
	at java.lang.ClassLoader.loadClass(ClassLoader.java:358)
	... 28 more
Caused by:
java.lang.NoClassDefFoundError: net/sf/jasperreports/compilers/GroovyEvaluator
	at java.lang.ClassLoader.defineClass1(Native Method)
	at java.lang.ClassLoader.defineClass(ClassLoader.java:800)
	at net.sf.jasperreports.engine.util.JRClassLoader.loadClass(JRClassLoader.java:338)
	at net.sf.jasperreports.engine.util.JRClassLoader.loadClassFromBytes(JRClassLoader.java:261)
	at net.sf.jasperreports.engine.design.JRAbstractJavaCompiler.loadEvaluator(JRAbstractJavaCompiler.java:88)
	at net.sf.jasperreports.engine.design.JRAbstractCompiler.loadEvaluator(JRAbstractCompiler.java:320)
	at net.sf.jasperreports.engine.JasperCompileManager.loadEvaluator(JasperCompileManager.java:237)
	at net.sf.jasperreports.engine.fill.JRFillDataset.createCalculator(JRFillDataset.java:427)
	at net.sf.jasperreports.engine.fill.JRBaseFiller.<init>(JRBaseFiller.java:363)
	at net.sf.jasperreports.engine.fill.JRVerticalFiller.<init>(JRVerticalFiller.java:77)
	at net.sf.jasperreports.engine.fill.JRVerticalFiller.<init>(JRVerticalFiller.java:87)
	at net.sf.jasperreports.engine.fill.JRVerticalFiller.<init>(JRVerticalFiller.java:57)
	at net.sf.jasperreports.engine.fill.JRFiller.createFiller(JRFiller.java:142)
	at net.sf.jasperreports.engine.fill.JRFiller.fillReport(JRFiller.java:78)
	at net.sf.jasperreports.engine.JasperFillManager.fillReport(JasperFillManager.java:624)
	at com.nantic.jasperreports.JasperServer.privateExecute(JasperServer.java:237)
	at com.nantic.jasperreports.JasperServer.execute(JasperServer.java:127)
	at sun.reflect.NativeMethodAccessorImpl.invoke0(Native Method)
	at sun.reflect.NativeMethodAccessorImpl.invoke(NativeMethodAccessorImpl.java:57)
	at sun.reflect.DelegatingMethodAccessorImpl.invoke(DelegatingMethodAccessorImpl.java:43)
	at java.lang.reflect.Method.invoke(Method.java:606)
	at org.apache.xmlrpc.server.ReflectiveXmlRpcHandler.invoke(ReflectiveXmlRpcHandler.java:115)
	at org.apache.xmlrpc.server.ReflectiveXmlRpcHandler.execute(ReflectiveXmlRpcHandler.java:106)
	at org.apache.xmlrpc.server.XmlRpcServerWorker.execute(XmlRpcServerWorker.java:46)
	at org.apache.xmlrpc.server.XmlRpcServer.execute(XmlRpcServer.java:86)
	at org.apache.xmlrpc.server.XmlRpcStreamServer.execute(XmlRpcStreamServer.java:200)
	at org.apache.xmlrpc.webserver.Connection.run(Connection.java:208)
	at org.apache.xmlrpc.util.ThreadPool$Poolable$1.run(ThreadPool.java:68)
Caused by: java.lang.ClassNotFoundException: net.sf.jasperreports.compilers.GroovyEvaluator
	at java.lang.ClassLoader.findClass(ClassLoader.java:531)
	at java.lang.ClassLoader.loadClass(ClassLoader.java:425)
	at java.lang.ClassLoader.loadClass(ClassLoader.java:358)
	... 28 more
0    [XML-RPC-0] ERROR org.apache.xmlrpc.server.XmlRpcErrorLogger - Failed to invoke method execute in class com.nantic.jasperreports.JasperServer: sheetName must not be empty string
org.apache.xmlrpc.common.XmlRpcInvocationException: Failed to invoke method execute in class com.nantic.jasperreports.JasperServer: sheetName must not be empty string
	at org.apache.xmlrpc.server.ReflectiveXmlRpcHandler.invoke(ReflectiveXmlRpcHandler.java:129)
	at org.apache.xmlrpc.server.ReflectiveXmlRpcHandler.execute(ReflectiveXmlRpcHandler.java:106)
	at org.apache.xmlrpc.server.XmlRpcServerWorker.execute(XmlRpcServerWorker.java:46)
	at org.apache.xmlrpc.server.XmlRpcServer.execute(XmlRpcServer.java:86)
	at org.apache.xmlrpc.server.XmlRpcStreamServer.execute(XmlRpcStreamServer.java:200)
	at org.apache.xmlrpc.webserver.Connection.run(Connection.java:208)
	at org.apache.xmlrpc.util.ThreadPool$Poolable$1.run(ThreadPool.java:68)
Caused by: java.lang.IllegalArgumentException: sheetName must not be empty string
	at org.apache.poi.hssf.record.BoundSheetRecord.validateSheetName(BoundSheetRecord.java:102)
	at org.apache.poi.hssf.record.BoundSheetRecord.setSheetname(BoundSheetRecord.java:91)
	at org.apache.poi.hssf.model.Workbook.setSheetName(Workbook.java:551)
	at org.apache.poi.hssf.usermodel.HSSFWorkbook.createSheet(HSSFWorkbook.java:754)
	at net.sf.jasperreports.engine.export.JRXlsExporter.createSheet(JRXlsExporter.java:210)
	at net.sf.jasperreports.engine.export.JRXlsAbstractExporter.exportReportToStream(JRXlsAbstractExporter.java:751)
	at net.sf.jasperreports.engine.export.JRXlsAbstractExporter.exportReport(JRXlsAbstractExporter.java:496)
	at com.nantic.jasperreports.JasperServer.privateExecute(JasperServer.java:287)
	at com.nantic.jasperreports.JasperServer.execute(JasperServer.java:127)
	at sun.reflect.NativeMethodAccessorImpl.invoke0(Native Method)
	at sun.reflect.NativeMethodAccessorImpl.invoke(NativeMethodAccessorImpl.java:57)
	at sun.reflect.DelegatingMethodAccessorImpl.invoke(DelegatingMethodAccessorImpl.java:43)
	at java.lang.reflect.Method.invoke(Method.java:606)
	at org.apache.xmlrpc.server.ReflectiveXmlRpcHandler.invoke(ReflectiveXmlRpcHandler.java:115)
	... 6 more
Caused by:
java.lang.IllegalArgumentException: sheetName must not be empty string
	at org.apache.poi.hssf.record.BoundSheetRecord.validateSheetName(BoundSheetRecord.java:102)
	at org.apache.poi.hssf.record.BoundSheetRecord.setSheetname(BoundSheetRecord.java:91)
	at org.apache.poi.hssf.model.Workbook.setSheetName(Workbook.java:551)
	at org.apache.poi.hssf.usermodel.HSSFWorkbook.createSheet(HSSFWorkbook.java:754)
	at net.sf.jasperreports.engine.export.JRXlsExporter.createSheet(JRXlsExporter.java:210)
	at net.sf.jasperreports.engine.export.JRXlsAbstractExporter.exportReportToStream(JRXlsAbstractExporter.java:751)
	at net.sf.jasperreports.engine.export.JRXlsAbstractExporter.exportReport(JRXlsAbstractExporter.java:496)
	at com.nantic.jasperreports.JasperServer.privateExecute(JasperServer.java:287)
	at com.nantic.jasperreports.JasperServer.execute(JasperServer.java:127)
	at sun.reflect.NativeMethodAccessorImpl.invoke0(Native Method)
	at sun.reflect.NativeMethodAccessorImpl.invoke(NativeMethodAccessorImpl.java:57)
	at sun.reflect.DelegatingMethodAccessorImpl.invoke(DelegatingMethodAccessorImpl.java:43)
	at java.lang.reflect.Method.invoke(Method.java:606)
	at org.apache.xmlrpc.server.ReflectiveXmlRpcHandler.invoke(ReflectiveXmlRpcHandler.java:115)
	at org.apache.xmlrpc.server.ReflectiveXmlRpcHandler.execute(ReflectiveXmlRpcHandler.java:106)
	at org.apache.xmlrpc.server.XmlRpcServerWorker.execute(XmlRpcServerWorker.java:46)
	at org.apache.xmlrpc.server.XmlRpcServer.execute(XmlRpcServer.java:86)
	at org.apache.xmlrpc.server.XmlRpcStreamServer.execute(XmlRpcStreamServer.java:200)
	at org.apache.xmlrpc.webserver.Connection.run(Connection.java:208)
	at org.apache.xmlrpc.util.ThreadPool$Poolable$1.run(ThreadPool.java:68)
25575 [XML-RPC-0] ERROR org.apache.xmlrpc.server.XmlRpcErrorLogger - Failed to invoke method execute in class com.nantic.jasperreports.JasperServer: sheetName must not be empty string
org.apache.xmlrpc.common.XmlRpcInvocationException: Failed to invoke method execute in class com.nantic.jasperreports.JasperServer: sheetName must not be empty string
	at org.apache.xmlrpc.server.ReflectiveXmlRpcHandler.invoke(ReflectiveXmlRpcHandler.java:129)
	at org.apache.xmlrpc.server.ReflectiveXmlRpcHandler.execute(ReflectiveXmlRpcHandler.java:106)
	at org.apache.xmlrpc.server.XmlRpcServerWorker.execute(XmlRpcServerWorker.java:46)
	at org.apache.xmlrpc.server.XmlRpcServer.execute(XmlRpcServer.java:86)
	at org.apache.xmlrpc.server.XmlRpcStreamServer.execute(XmlRpcStreamServer.java:200)
	at org.apache.xmlrpc.webserver.Connection.run(Connection.java:208)
	at org.apache.xmlrpc.util.ThreadPool$Poolable$1.run(ThreadPool.java:68)
Caused by: java.lang.IllegalArgumentException: sheetName must not be empty string
	at org.apache.poi.hssf.record.BoundSheetRecord.validateSheetName(BoundSheetRecord.java:102)
	at org.apache.poi.hssf.record.BoundSheetRecord.setSheetname(BoundSheetRecord.java:91)
	at org.apache.poi.hssf.model.Workbook.setSheetName(Workbook.java:551)
	at org.apache.poi.hssf.usermodel.HSSFWorkbook.createSheet(HSSFWorkbook.java:754)
	at net.sf.jasperreports.engine.export.JRXlsExporter.createSheet(JRXlsExporter.java:210)
	at net.sf.jasperreports.engine.export.JRXlsAbstractExporter.exportReportToStream(JRXlsAbstractExporter.java:751)
	at net.sf.jasperreports.engine.export.JRXlsAbstractExporter.exportReport(JRXlsAbstractExporter.java:496)
	at com.nantic.jasperreports.JasperServer.privateExecute(JasperServer.java:287)
	at com.nantic.jasperreports.JasperServer.execute(JasperServer.java:127)
	at sun.reflect.NativeMethodAccessorImpl.invoke0(Native Method)
	at sun.reflect.NativeMethodAccessorImpl.invoke(NativeMethodAccessorImpl.java:57)
	at sun.reflect.DelegatingMethodAccessorImpl.invoke(DelegatingMethodAccessorImpl.java:43)
	at java.lang.reflect.Method.invoke(Method.java:606)
	at org.apache.xmlrpc.server.ReflectiveXmlRpcHandler.invoke(ReflectiveXmlRpcHandler.java:115)
	... 6 more
Caused by:
java.lang.IllegalArgumentException: sheetName must not be empty string
	at org.apache.poi.hssf.record.BoundSheetRecord.validateSheetName(BoundSheetRecord.java:102)
	at org.apache.poi.hssf.record.BoundSheetRecord.setSheetname(BoundSheetRecord.java:91)
	at org.apache.poi.hssf.model.Workbook.setSheetName(Workbook.java:551)
	at org.apache.poi.hssf.usermodel.HSSFWorkbook.createSheet(HSSFWorkbook.java:754)
	at net.sf.jasperreports.engine.export.JRXlsExporter.createSheet(JRXlsExporter.java:210)
	at net.sf.jasperreports.engine.export.JRXlsAbstractExporter.exportReportToStream(JRXlsAbstractExporter.java:751)
	at net.sf.jasperreports.engine.export.JRXlsAbstractExporter.exportReport(JRXlsAbstractExporter.java:496)
	at com.nantic.jasperreports.JasperServer.privateExecute(JasperServer.java:287)
	at com.nantic.jasperreports.JasperServer.execute(JasperServer.java:127)
	at sun.reflect.NativeMethodAccessorImpl.invoke0(Native Method)
	at sun.reflect.NativeMethodAccessorImpl.invoke(NativeMethodAccessorImpl.java:57)
	at sun.reflect.DelegatingMethodAccessorImpl.invoke(DelegatingMethodAccessorImpl.java:43)
	at java.lang.reflect.Method.invoke(Method.java:606)
	at org.apache.xmlrpc.server.ReflectiveXmlRpcHandler.invoke(ReflectiveXmlRpcHandler.java:115)
	at org.apache.xmlrpc.server.ReflectiveXmlRpcHandler.execute(ReflectiveXmlRpcHandler.java:106)
	at org.apache.xmlrpc.server.XmlRpcServerWorker.execute(XmlRpcServerWorker.java:46)
	at org.apache.xmlrpc.server.XmlRpcServer.execute(XmlRpcServer.java:86)
	at org.apache.xmlrpc.server.XmlRpcStreamServer.execute(XmlRpcStreamServer.java:200)
	at org.apache.xmlrpc.webserver.Connection.run(Connection.java:208)
	at org.apache.xmlrpc.util.ThreadPool$Poolable$1.run(ThreadPool.java:68)
23   [XML-RPC-0] ERROR org.apache.xmlrpc.server.XmlRpcErrorLogger - Failed to invoke method execute in class com.nantic.jasperreports.JasperServer: sheetName must not be empty string
org.apache.xmlrpc.common.XmlRpcInvocationException: Failed to invoke method execute in class com.nantic.jasperreports.JasperServer: sheetName must not be empty string
	at org.apache.xmlrpc.server.ReflectiveXmlRpcHandler.invoke(ReflectiveXmlRpcHandler.java:129)
	at org.apache.xmlrpc.server.ReflectiveXmlRpcHandler.execute(ReflectiveXmlRpcHandler.java:106)
	at org.apache.xmlrpc.server.XmlRpcServerWorker.execute(XmlRpcServerWorker.java:46)
	at org.apache.xmlrpc.server.XmlRpcServer.execute(XmlRpcServer.java:86)
	at org.apache.xmlrpc.server.XmlRpcStreamServer.execute(XmlRpcStreamServer.java:200)
	at org.apache.xmlrpc.webserver.Connection.run(Connection.java:208)
	at org.apache.xmlrpc.util.ThreadPool$Poolable$1.run(ThreadPool.java:68)
Caused by: java.lang.IllegalArgumentException: sheetName must not be empty string
	at org.apache.poi.hssf.record.BoundSheetRecord.validateSheetName(BoundSheetRecord.java:102)
	at org.apache.poi.hssf.record.BoundSheetRecord.setSheetname(BoundSheetRecord.java:91)
	at org.apache.poi.hssf.model.Workbook.setSheetName(Workbook.java:551)
	at org.apache.poi.hssf.usermodel.HSSFWorkbook.createSheet(HSSFWorkbook.java:754)
	at net.sf.jasperreports.engine.export.JRXlsExporter.createSheet(JRXlsExporter.java:210)
	at net.sf.jasperreports.engine.export.JRXlsAbstractExporter.exportReportToStream(JRXlsAbstractExporter.java:751)
	at net.sf.jasperreports.engine.export.JRXlsAbstractExporter.exportReport(JRXlsAbstractExporter.java:496)
	at com.nantic.jasperreports.JasperServer.privateExecute(JasperServer.java:287)
	at com.nantic.jasperreports.JasperServer.execute(JasperServer.java:127)
	at sun.reflect.NativeMethodAccessorImpl.invoke0(Native Method)
	at sun.reflect.NativeMethodAccessorImpl.invoke(NativeMethodAccessorImpl.java:57)
	at sun.reflect.DelegatingMethodAccessorImpl.invoke(DelegatingMethodAccessorImpl.java:43)
	at java.lang.reflect.Method.invoke(Method.java:606)
	at org.apache.xmlrpc.server.ReflectiveXmlRpcHandler.invoke(ReflectiveXmlRpcHandler.java:115)
	... 6 more
Caused by:
java.lang.IllegalArgumentException: sheetName must not be empty string
	at org.apache.poi.hssf.record.BoundSheetRecord.validateSheetName(BoundSheetRecord.java:102)
	at org.apache.poi.hssf.record.BoundSheetRecord.setSheetname(BoundSheetRecord.java:91)
	at org.apache.poi.hssf.model.Workbook.setSheetName(Workbook.java:551)
	at org.apache.poi.hssf.usermodel.HSSFWorkbook.createSheet(HSSFWorkbook.java:754)
	at net.sf.jasperreports.engine.export.JRXlsExporter.createSheet(JRXlsExporter.java:210)
	at net.sf.jasperreports.engine.export.JRXlsAbstractExporter.exportReportToStream(JRXlsAbstractExporter.java:751)
	at net.sf.jasperreports.engine.export.JRXlsAbstractExporter.exportReport(JRXlsAbstractExporter.java:496)
	at com.nantic.jasperreports.JasperServer.privateExecute(JasperServer.java:287)
	at com.nantic.jasperreports.JasperServer.execute(JasperServer.java:127)
	at sun.reflect.NativeMethodAccessorImpl.invoke0(Native Method)
	at sun.reflect.NativeMethodAccessorImpl.invoke(NativeMethodAccessorImpl.java:57)
	at sun.reflect.DelegatingMethodAccessorImpl.invoke(DelegatingMethodAccessorImpl.java:43)
	at java.lang.reflect.Method.invoke(Method.java:606)
	at org.apache.xmlrpc.server.ReflectiveXmlRpcHandler.invoke(ReflectiveXmlRpcHandler.java:115)
	at org.apache.xmlrpc.server.ReflectiveXmlRpcHandler.execute(ReflectiveXmlRpcHandler.java:106)
	at org.apache.xmlrpc.server.XmlRpcServerWorker.execute(XmlRpcServerWorker.java:46)
	at org.apache.xmlrpc.server.XmlRpcServer.execute(XmlRpcServer.java:86)
	at org.apache.xmlrpc.server.XmlRpcStreamServer.execute(XmlRpcStreamServer.java:200)
	at org.apache.xmlrpc.webserver.Connection.run(Connection.java:208)
	at org.apache.xmlrpc.util.ThreadPool$Poolable$1.run(ThreadPool.java:68)
70581 [XML-RPC-0] ERROR org.apache.xmlrpc.server.XmlRpcErrorLogger - Failed to invoke method execute in class com.nantic.jasperreports.JasperServer: sheetName must not be empty string
org.apache.xmlrpc.common.XmlRpcInvocationException: Failed to invoke method execute in class com.nantic.jasperreports.JasperServer: sheetName must not be empty string
	at org.apache.xmlrpc.server.ReflectiveXmlRpcHandler.invoke(ReflectiveXmlRpcHandler.java:129)
	at org.apache.xmlrpc.server.ReflectiveXmlRpcHandler.execute(ReflectiveXmlRpcHandler.java:106)
	at org.apache.xmlrpc.server.XmlRpcServerWorker.execute(XmlRpcServerWorker.java:46)
	at org.apache.xmlrpc.server.XmlRpcServer.execute(XmlRpcServer.java:86)
	at org.apache.xmlrpc.server.XmlRpcStreamServer.execute(XmlRpcStreamServer.java:200)
	at org.apache.xmlrpc.webserver.Connection.run(Connection.java:208)
	at org.apache.xmlrpc.util.ThreadPool$Poolable$1.run(ThreadPool.java:68)
Caused by: java.lang.IllegalArgumentException: sheetName must not be empty string
	at org.apache.poi.hssf.record.BoundSheetRecord.validateSheetName(BoundSheetRecord.java:102)
	at org.apache.poi.hssf.record.BoundSheetRecord.setSheetname(BoundSheetRecord.java:91)
	at org.apache.poi.hssf.model.Workbook.setSheetName(Workbook.java:551)
	at org.apache.poi.hssf.usermodel.HSSFWorkbook.createSheet(HSSFWorkbook.java:754)
	at net.sf.jasperreports.engine.export.JRXlsExporter.createSheet(JRXlsExporter.java:210)
	at net.sf.jasperreports.engine.export.JRXlsAbstractExporter.exportReportToStream(JRXlsAbstractExporter.java:751)
	at net.sf.jasperreports.engine.export.JRXlsAbstractExporter.exportReport(JRXlsAbstractExporter.java:496)
	at com.nantic.jasperreports.JasperServer.privateExecute(JasperServer.java:287)
	at com.nantic.jasperreports.JasperServer.execute(JasperServer.java:127)
	at sun.reflect.NativeMethodAccessorImpl.invoke0(Native Method)
	at sun.reflect.NativeMethodAccessorImpl.invoke(NativeMethodAccessorImpl.java:57)
	at sun.reflect.DelegatingMethodAccessorImpl.invoke(DelegatingMethodAccessorImpl.java:43)
	at java.lang.reflect.Method.invoke(Method.java:606)
	at org.apache.xmlrpc.server.ReflectiveXmlRpcHandler.invoke(ReflectiveXmlRpcHandler.java:115)
	... 6 more
Caused by:
java.lang.IllegalArgumentException: sheetName must not be empty string
	at org.apache.poi.hssf.record.BoundSheetRecord.validateSheetName(BoundSheetRecord.java:102)
	at org.apache.poi.hssf.record.BoundSheetRecord.setSheetname(BoundSheetRecord.java:91)
	at org.apache.poi.hssf.model.Workbook.setSheetName(Workbook.java:551)
	at org.apache.poi.hssf.usermodel.HSSFWorkbook.createSheet(HSSFWorkbook.java:754)
	at net.sf.jasperreports.engine.export.JRXlsExporter.createSheet(JRXlsExporter.java:210)
	at net.sf.jasperreports.engine.export.JRXlsAbstractExporter.exportReportToStream(JRXlsAbstractExporter.java:751)
	at net.sf.jasperreports.engine.export.JRXlsAbstractExporter.exportReport(JRXlsAbstractExporter.java:496)
	at com.nantic.jasperreports.JasperServer.privateExecute(JasperServer.java:287)
	at com.nantic.jasperreports.JasperServer.execute(JasperServer.java:127)
	at sun.reflect.NativeMethodAccessorImpl.invoke0(Native Method)
	at sun.reflect.NativeMethodAccessorImpl.invoke(NativeMethodAccessorImpl.java:57)
	at sun.reflect.DelegatingMethodAccessorImpl.invoke(DelegatingMethodAccessorImpl.java:43)
	at java.lang.reflect.Method.invoke(Method.java:606)
	at org.apache.xmlrpc.server.ReflectiveXmlRpcHandler.invoke(ReflectiveXmlRpcHandler.java:115)
	at org.apache.xmlrpc.server.ReflectiveXmlRpcHandler.execute(ReflectiveXmlRpcHandler.java:106)
	at org.apache.xmlrpc.server.XmlRpcServerWorker.execute(XmlRpcServerWorker.java:46)
	at org.apache.xmlrpc.server.XmlRpcServer.execute(XmlRpcServer.java:86)
	at org.apache.xmlrpc.server.XmlRpcStreamServer.execute(XmlRpcStreamServer.java:200)
	at org.apache.xmlrpc.webserver.Connection.run(Connection.java:208)
	at org.apache.xmlrpc.util.ThreadPool$Poolable$1.run(ThreadPool.java:68)
